c:\users\administrador\desktop\graficos-i-gameengine\graficos i (2019)\gameengine\debug\vc142.pdb
c:\users\administrador\desktop\graficos-i-gameengine\graficos i (2019)\gameengine\debug\vc142.idb
c:\users\administrador\desktop\graficos-i-gameengine\graficos i (2019)\gameengine\debug\window.obj
c:\users\administrador\desktop\graficos-i-gameengine\graficos i (2019)\gameengine\debug\shape.obj
c:\users\administrador\desktop\graficos-i-gameengine\graficos i (2019)\gameengine\debug\renderer.obj
c:\users\administrador\desktop\graficos-i-gameengine\graficos i (2019)\gameengine\debug\input.obj
c:\users\administrador\desktop\graficos-i-gameengine\graficos i (2019)\gameengine\debug\basegame.obj
c:\users\administrador\desktop\graficos-i-gameengine\graficos i (2019)\debug\gameengine.lib
c:\users\administrador\desktop\graficos-i-gameengine\graficos i (2019)\debug\gameengine.exp
c:\users\administrador\desktop\graficos-i-gameengine\graficos i (2019)\debug\gameengine.pdb
c:\users\administrador\desktop\graficos-i-gameengine\graficos i (2019)\gameengine\debug\gameengine.tlog\cl.command.1.tlog
c:\users\administrador\desktop\graficos-i-gameengine\graficos i (2019)\gameengine\debug\gameengine.tlog\cl.read.1.tlog
c:\users\administrador\desktop\graficos-i-gameengine\graficos i (2019)\gameengine\debug\gameengine.tlog\cl.write.1.tlog
c:\users\administrador\desktop\graficos-i-gameengine\graficos i (2019)\gameengine\debug\gameengine.tlog\gameengine.write.1u.tlog
c:\users\administrador\desktop\graficos-i-gameengine\graficos i (2019)\gameengine\debug\gameengine.tlog\link.2492-cvtres.read.1.tlog
c:\users\administrador\desktop\graficos-i-gameengine\graficos i (2019)\gameengine\debug\gameengine.tlog\link.2492-cvtres.write.1.tlog
c:\users\administrador\desktop\graficos-i-gameengine\graficos i (2019)\gameengine\debug\gameengine.tlog\link.2492-rc.read.1.tlog
c:\users\administrador\desktop\graficos-i-gameengine\graficos i (2019)\gameengine\debug\gameengine.tlog\link.2492-rc.write.1.tlog
c:\users\administrador\desktop\graficos-i-gameengine\graficos i (2019)\gameengine\debug\gameengine.tlog\link.2492.read.1.tlog
c:\users\administrador\desktop\graficos-i-gameengine\graficos i (2019)\gameengine\debug\gameengine.tlog\link.2492.write.1.tlog
c:\users\administrador\desktop\graficos-i-gameengine\graficos i (2019)\gameengine\debug\gameengine.tlog\link.command.1.tlog
c:\users\administrador\desktop\graficos-i-gameengine\graficos i (2019)\gameengine\debug\gameengine.tlog\link.delete.1.tlog
c:\users\administrador\desktop\graficos-i-gameengine\graficos i (2019)\gameengine\debug\gameengine.tlog\link.read.1.tlog
c:\users\administrador\desktop\graficos-i-gameengine\graficos i (2019)\gameengine\debug\gameengine.tlog\link.write.1.tlog
